<?xml version="1.0" encoding="UTF-8"?>
<testsuite name="org.hyperskill.simplebankmanager.Stage2UnitTest" tests="2" skipped="0" failures="0" errors="0" timestamp="2024-07-02T01:10:21" hostname="Ericsons-Laptop.local" time="0.103">
  <properties/>
  <testcase name="test00_checkLoginWithDefaultValuesSucceed" classname="org.hyperskill.simplebankmanager.Stage2UnitTest" time="0.057"/>
  <testcase name="test01_checkLoginWithCustomValuesSucceed" classname="org.hyperskill.simplebankmanager.Stage2UnitTest" time="0.046"/>
  <system-out><![CDATA[]]></system-out>
  <system-err><![CDATA[]]></system-err>
</testsuite>
